This is LuaHBTeX, Version 1.12.0 (TeX Live 2020/W32TeX)  (format=lualatex 2021.3.9)  4 MAY 2021 13:57
 restricted system commands enabled.
**_main.tex
(./_main.tex
LaTeX2e <2020-10-01> patch level 4
Lua module: luaotfload 2021-01-08 3.17 Lua based OpenType font support
Lua module: lualibs 2020-12-30 2.73 ConTeXt Lua standard libraries.
Lua module: lualibs-extended 2020-12-30 2.73 ConTeXt Lua libraries -- extended c
ollection.
luaotfload | conf : Root cache directory is "C:/Users/mkapur/AppData/Roaming/Tin
yTeX/texmf-var/luatex-cache/generic/names".
luaotfload | init : Loading fontloader "fontloader-2021-01-07.lua" from kpse-res
olved path "c:/Users/mkapur/AppData/Roaming/TinyTeX/texmf-dist/tex/luatex/luaotf
load/fontloader-2021-01-07.lua".
Lua-only attribute luaotfload@noligature = 1
Lua-only attribute luaotfload@syllabe = 2
luaotfload | init : Context OpenType loader version 0x1.8e76c8b439581p+1
Inserting `luaotfload.node_processor' at position 1 in `pre_linebreak_filter'.
Inserting `luaotfload.node_processor' at position 1 in `hpack_filter'.
Inserting `luaotfload.glyph_stream' at position 1 in `glyph_stream_provider'.
Inserting `luaotfload.define_font' at position 1 in `define_font'.
Lua-only attribute luaotfload_color_attribute = 3
luaotfload | conf : Root cache directory is "C:/Users/mkapur/AppData/Roaming/Tin
yTeX/texmf-var/luatex-cache/generic/names".
Inserting `luaotfload.harf.strip_prefix' at position 1 in `find_opentype_file'.
Inserting `luaotfload.harf.strip_prefix' at position 1 in `find_truetype_file'.
Inserting `luaotfload.harf.finalize_vlist' at position 1 in `post_linebreak_filt
er'.
Inserting `luaotfload.harf.finalize_hlist' at position 2 in `hpack_filter'.
Inserting `luaotfload.cleanup_files' at position 1 in `wrapup_run'.
Inserting `luaotfload.harf.finalize_unicode' at position 1 in `finish_pdffile'.
Inserting `luaotfload.glyphinfo' at position 1 in `glyph_info'.
Inserting `luaotfload.aux.set_sscale_dimens' at position 1 in `luaotfload.patch_
font'.
Inserting `luaotfload.aux.set_font_index' at position 2 in `luaotfload.patch_fon
t'.
Inserting `luaotfload.aux.patch_cambria_domh' at position 3 in `luaotfload.patch
_font'.
Inserting `luaotfload.aux.fixup_fontdata' at position 1 in `luaotfload.patch_fon
t_unsafe'.
Inserting `luaotfload.aux.set_capheight' at position 4 in `luaotfload.patch_font
'.
Inserting `luaotfload.aux.set_xheight' at position 5 in `luaotfload.patch_font'.
Inserting `luaotfload.rewrite_fontname' at position 6 in `luaotfload.patch_font'
. L3 programming layer <2021-02-18> (./input_accessability.tex
(c:/Users/mkapur/AppData/Roaming/TinyTeX/texmf-dist/tex/latex/pdfmanagement-tes
tphase/pdfmanagement-testphase.sty
Package: pdfmanagement-testphase 2021-03-07 v0.95b LaTeX PDF management testphas
e bundle

(c:/Users/mkapur/AppData/Roaming/TinyTeX/texmf-dist/tex/latex/pdfmanagement-tes
tphase/pdfmanagement-testphase.ltx
File: pdfmanagement-testphase.ltx 2021-03-07 v0.95b PDF management code (testpha
se)

LaTeX3 Info: Defining command \DeclareDocumentMetadata with sig. 'm' on line
(LaTeX3)     961.


LaTeX3 Info: Defining command \AddToDocumentProperties with sig. 'O{\@currname
(LaTeX3)     }mm' on line 971.


LaTeX3 Info: Defining command \GetDocumentProperties with sig. 'm' on line
(LaTeX3)     975.


LaTeX3 Info: Defining command \ShowDocumentProperties with sig. '' on line
(LaTeX3)     987.


(c:/Users/mkapur/AppData/Roaming/TinyTeX/texmf-dist/tex/latex/l3experimental/l3
bitset/l3bitset.sty
Package: l3bitset 2021-02-18 L3 Experimental bitset support
\l__bitset_internal_int=\count175
)))
(c:/Users/mkapur/AppData/Roaming/TinyTeX/texmf-dist/tex/latex/l3kernel/expl3.st
y
Package: expl3 2021-02-18 L3 programming layer (loader) 

(c:/Users/mkapur/AppData/Roaming/TinyTeX/texmf-dist/tex/latex/l3kernel/l3debug.
def
File: l3debug.def 2019-04-06 L3 Debugging support
)
(c:/Users/mkapur/AppData/Roaming/TinyTeX/texmf-dist/tex/latex/l3backend/l3backe
nd-luatex.def
File: l3backend-luatex.def 2021-03-02 L3 backend support: PDF output (LuaTeX)
\l__color_backend_stack_int=\count176
\l__pdf_internal_box=\box47
))
(c:/Users/mkapur/AppData/Roaming/TinyTeX/texmf-dist/tex/latex/pdfmanagement-tes
tphase/l3backend-testphase-luatex.def
File: l3backend-testphase-luatex.def 2021-03-07 LaTeX PDF management testphase b
undle backend support:PDFoutput(LuaTeX)

(c:/Users/mkapur/AppData/Roaming/TinyTeX/texmf-dist/tex/latex/pdfmanagement-tes
tphase/l3ref-tmp.sty
Package: l3ref-tmp 2020-10-09 L3 Experimental cross-referencing
)
\l__pdf_backend_tmpa_box=\box48
\g__pdf_backend_resourceid_int=\count177
\g__pdf_backend_name_int=\count178
\g__pdf_backend_page_int=\count179
\g__pdf_backend_EmbeddedFiles_int=\count180
)

LaTeX3 Info: Redefining command \DeclareDocumentMetadata with sig. 'm' on line
(LaTeX3)     3.


(c:/Users/mkapur/AppData/Roaming/TinyTeX/texmf-dist/tex/latex/pdfmanagement-tes
tphase/pdfmanagement-firstaid.sty
Package: pdfmanagement-firstaid 2021-03-07 v0.95b LaTeX PDF management testphase
 bundle / firstaid-patches

Package pdfmanagement Info: loading pdfmanagement firstaid code for pgf

)) (c:/Users/mkapur/AppData/Roaming/TinyTeX/texmf-dist/tex/latex/base/article.c
ls
Document Class: article 2020/04/10 v1.4m Standard LaTeX document class
(c:/Users/mkapur/AppData/Roaming/TinyTeX/texmf-dist/tex/latex/base/size11.clo
File: size11.clo 2020/04/10 v1.4m Standard LaTeX file (size option)
luaotfload | db : Font names database loaded from C:/Users/mkapur/AppData/Roamin
g/TinyTeX/texmf-var/luatex-cache/generic/names/luaotfload-names.luc)
\c@part=\count181
\c@section=\count182
\c@subsection=\count183
\c@subsubsection=\count184
\c@paragraph=\count185
\c@subparagraph=\count186
\c@figure=\count187
\c@table=\count188
\abovecaptionskip=\skip47
\belowcaptionskip=\skip48
\bibindent=\dimen138
) (./sa4ss.sty
Package: sa4ss 2020/11/10 v0.99 sa4ss package

(c:/Users/mkapur/AppData/Roaming/TinyTeX/texmf-dist/tex/latex/pgf/frontendlayer
/tikz.sty
(c:/Users/mkapur/AppData/Roaming/TinyTeX/texmf-dist/tex/latex/pgf/basiclayer/pg
f.sty
(c:/Users/mkapur/AppData/Roaming/TinyTeX/texmf-dist/tex/latex/pgf/utilities/pgf
rcs.sty
(c:/Users/mkapur/AppData/Roaming/TinyTeX/texmf-dist/tex/generic/pgf/utilities/p
gfutil-common.tex
\pgfutil@everybye=\toks15
\pgfutil@tempdima=\dimen139
\pgfutil@tempdimb=\dimen140

(c:/Users/mkapur/AppData/Roaming/TinyTeX/texmf-dist/tex/generic/pgf/utilities/p
gfutil-common-lists.tex))
(c:/Users/mkapur/AppData/Roaming/TinyTeX/texmf-dist/tex/generic/pgf/utilities/p
gfutil-latex.def
\pgfutil@abb=\box49
)
(c:/Users/mkapur/AppData/Roaming/TinyTeX/texmf-dist/tex/generic/pgf/utilities/p
gfrcs.code.tex
(c:/Users/mkapur/AppData/Roaming/TinyTeX/texmf-dist/tex/generic/pgf/pgf.revisio
n.tex)
Package: pgfrcs 2020/12/27 v3.1.8b (3.1.8b)
))
Package: pgf 2020/12/27 v3.1.8b (3.1.8b)

(c:/Users/mkapur/AppData/Roaming/TinyTeX/texmf-dist/tex/latex/pgf/basiclayer/pg
fcore.sty
(c:/Users/mkapur/AppData/Roaming/TinyTeX/texmf-dist/tex/latex/graphics/graphicx
.sty
Package: graphicx 2020/09/09 v1.2b Enhanced LaTeX Graphics (DPC,SPQR)

(c:/Users/mkapur/AppData/Roaming/TinyTeX/texmf-dist/tex/latex/graphics/keyval.s
ty
Package: keyval 2014/10/28 v1.15 key=value parser (DPC)
\KV@toks@=\toks16
)
(c:/Users/mkapur/AppData/Roaming/TinyTeX/texmf-dist/tex/latex/graphics/graphics
.sty
Package: graphics 2020/08/30 v1.4c Standard LaTeX Graphics (DPC,SPQR)

(c:/Users/mkapur/AppData/Roaming/TinyTeX/texmf-dist/tex/latex/graphics/trig.sty
Package: trig 2016/01/03 v1.10 sin cos tan (DPC)
)
(c:/Users/mkapur/AppData/Roaming/TinyTeX/texmf-dist/tex/latex/graphics-cfg/grap
hics.cfg
File: graphics.cfg 2016/06/04 v1.11 sample graphics configuration
)
Package graphics Info: Driver file: luatex.def on input line 105.

(c:/Users/mkapur/AppData/Roaming/TinyTeX/texmf-dist/tex/latex/graphics-def/luat
ex.def
File: luatex.def 2020/10/05 v1.2a Graphics/color driver for luatex
))
\Gin@req@height=\dimen141
\Gin@req@width=\dimen142
)
(c:/Users/mkapur/AppData/Roaming/TinyTeX/texmf-dist/tex/latex/pgf/systemlayer/p
gfsys.sty
(c:/Users/mkapur/AppData/Roaming/TinyTeX/texmf-dist/tex/generic/pgf/systemlayer
/pgfsys.code.tex
Package: pgfsys 2020/12/27 v3.1.8b (3.1.8b)

(c:/Users/mkapur/AppData/Roaming/TinyTeX/texmf-dist/tex/generic/pgf/utilities/p
gfkeys.code.tex
\pgfkeys@pathtoks=\toks17
\pgfkeys@temptoks=\toks18

(c:/Users/mkapur/AppData/Roaming/TinyTeX/texmf-dist/tex/generic/pgf/utilities/p
gfkeysfiltered.code.tex
\pgfkeys@tmptoks=\toks19
))
\pgf@x=\dimen143
\pgf@y=\dimen144
\pgf@xa=\dimen145
\pgf@ya=\dimen146
\pgf@xb=\dimen147
\pgf@yb=\dimen148
\pgf@xc=\dimen149
\pgf@yc=\dimen150
\pgf@xd=\dimen151
\pgf@yd=\dimen152
\w@pgf@writea=\write3
\r@pgf@reada=\read2
\c@pgf@counta=\count189
\c@pgf@countb=\count190
\c@pgf@countc=\count191
\c@pgf@countd=\count192
\t@pgf@toka=\toks20
\t@pgf@tokb=\toks21
\t@pgf@tokc=\toks22
\pgf@sys@id@count=\count193

(c:/Users/mkapur/AppData/Roaming/TinyTeX/texmf-dist/tex/generic/pgf/systemlayer
/pgf.cfg
File: pgf.cfg 2020/12/27 v3.1.8b (3.1.8b)
)
Driver file for pgf: pgfsys-luatex.def

(c:/Users/mkapur/AppData/Roaming/TinyTeX/texmf-dist/tex/generic/pgf/systemlayer
/pgfsys-luatex.def
File: pgfsys-luatex.def 2020/12/27 v3.1.8b (3.1.8b)

(c:/Users/mkapur/AppData/Roaming/TinyTeX/texmf-dist/tex/generic/pgf/systemlayer
/pgfsys-common-pdf.def
File: pgfsys-common-pdf.def 2020/12/27 v3.1.8b (3.1.8b)
)))
(c:/Users/mkapur/AppData/Roaming/TinyTeX/texmf-dist/tex/generic/pgf/systemlayer
/pgfsyssoftpath.code.tex
File: pgfsyssoftpath.code.tex 2020/12/27 v3.1.8b (3.1.8b)
\pgfsyssoftpath@smallbuffer@items=\count194
\pgfsyssoftpath@bigbuffer@items=\count195
)
(c:/Users/mkapur/AppData/Roaming/TinyTeX/texmf-dist/tex/generic/pgf/systemlayer
/pgfsysprotocol.code.tex
File: pgfsysprotocol.code.tex 2020/12/27 v3.1.8b (3.1.8b)
))
(c:/Users/mkapur/AppData/Roaming/TinyTeX/texmf-dist/tex/latex/xcolor/xcolor.sty
Package: xcolor 2016/05/11 v2.12 LaTeX color extensions (UK)

(c:/Users/mkapur/AppData/Roaming/TinyTeX/texmf-dist/tex/latex/graphics-cfg/colo
r.cfg
File: color.cfg 2016/01/02 v1.6 sample color configuration
)
Package xcolor Info: Driver file: luatex.def on input line 225.
Package xcolor Info: Model `cmy' substituted by `cmy0' on input line 1348.
Package xcolor Info: Model `hsb' substituted by `rgb' on input line 1352.
Package xcolor Info: Model `RGB' extended on input line 1364.
Package xcolor Info: Model `HTML' substituted by `rgb' on input line 1366.
Package xcolor Info: Model `Hsb' substituted by `hsb' on input line 1367.
Package xcolor Info: Model `tHsb' substituted by `hsb' on input line 1368.
Package xcolor Info: Model `HSB' substituted by `hsb' on input line 1369.
Package xcolor Info: Model `Gray' substituted by `gray' on input line 1370.
Package xcolor Info: Model `wave' substituted by `hsb' on input line 1371.
)
(c:/Users/mkapur/AppData/Roaming/TinyTeX/texmf-dist/tex/latex/pdfmanagement-tes
tphase/xcolor-patches-tmp-ltx.sty
Package: xcolor-patches-tmp-ltx 2021/02/22 v0.95b patch xcolor for l3color
)
(c:/Users/mkapur/AppData/Roaming/TinyTeX/texmf-dist/tex/generic/pgf/basiclayer/
pgfcore.code.tex
Package: pgfcore 2020/12/27 v3.1.8b (3.1.8b)

(c:/Users/mkapur/AppData/Roaming/TinyTeX/texmf-dist/tex/generic/pgf/math/pgfmat
h.code.tex
(c:/Users/mkapur/AppData/Roaming/TinyTeX/texmf-dist/tex/generic/pgf/math/pgfmat
hcalc.code.tex
(c:/Users/mkapur/AppData/Roaming/TinyTeX/texmf-dist/tex/generic/pgf/math/pgfmat
hutil.code.tex)
(c:/Users/mkapur/AppData/Roaming/TinyTeX/texmf-dist/tex/generic/pgf/math/pgfmat
hparser.code.tex
\pgfmath@dimen=\dimen153
\pgfmath@count=\count196
\pgfmath@box=\box50
\pgfmath@toks=\toks23
\pgfmath@stack@operand=\toks24
\pgfmath@stack@operation=\toks25
)
(c:/Users/mkapur/AppData/Roaming/TinyTeX/texmf-dist/tex/generic/pgf/math/pgfmat
hfunctions.code.tex
(c:/Users/mkapur/AppData/Roaming/TinyTeX/texmf-dist/tex/generic/pgf/math/pgfmat
hfunctions.basic.code.tex)
(c:/Users/mkapur/AppData/Roaming/TinyTeX/texmf-dist/tex/generic/pgf/math/pgfmat
hfunctions.trigonometric.code.tex)
(c:/Users/mkapur/AppData/Roaming/TinyTeX/texmf-dist/tex/generic/pgf/math/pgfmat
hfunctions.random.code.tex)
(c:/Users/mkapur/AppData/Roaming/TinyTeX/texmf-dist/tex/generic/pgf/math/pgfmat
hfunctions.comparison.code.tex)
(c:/Users/mkapur/AppData/Roaming/TinyTeX/texmf-dist/tex/generic/pgf/math/pgfmat
hfunctions.base.code.tex)
(c:/Users/mkapur/AppData/Roaming/TinyTeX/texmf-dist/tex/generic/pgf/math/pgfmat
hfunctions.round.code.tex)
(c:/Users/mkapur/AppData/Roaming/TinyTeX/texmf-dist/tex/generic/pgf/math/pgfmat
hfunctions.misc.code.tex)
(c:/Users/mkapur/AppData/Roaming/TinyTeX/texmf-dist/tex/generic/pgf/math/pgfmat
hfunctions.integerarithmetics.code.tex)))
(c:/Users/mkapur/AppData/Roaming/TinyTeX/texmf-dist/tex/generic/pgf/math/pgfmat
hfloat.code.tex
\c@pgfmathroundto@lastzeros=\count197
))
(c:/Users/mkapur/AppData/Roaming/TinyTeX/texmf-dist/tex/generic/pgf/math/pgfint
.code.tex)
(c:/Users/mkapur/AppData/Roaming/TinyTeX/texmf-dist/tex/generic/pgf/basiclayer/
pgfcorepoints.code.tex
File: pgfcorepoints.code.tex 2020/12/27 v3.1.8b (3.1.8b)
\pgf@picminx=\dimen154
\pgf@picmaxx=\dimen155
\pgf@picminy=\dimen156
\pgf@picmaxy=\dimen157
\pgf@pathminx=\dimen158
\pgf@pathmaxx=\dimen159
\pgf@pathminy=\dimen160
\pgf@pathmaxy=\dimen161
\pgf@xx=\dimen162
\pgf@xy=\dimen163
\pgf@yx=\dimen164
\pgf@yy=\dimen165
\pgf@zx=\dimen166
\pgf@zy=\dimen167
)
(c:/Users/mkapur/AppData/Roaming/TinyTeX/texmf-dist/tex/generic/pgf/basiclayer/
pgfcorepathconstruct.code.tex
File: pgfcorepathconstruct.code.tex 2020/12/27 v3.1.8b (3.1.8b)
\pgf@path@lastx=\dimen168
\pgf@path@lasty=\dimen169
)
(c:/Users/mkapur/AppData/Roaming/TinyTeX/texmf-dist/tex/generic/pgf/basiclayer/
pgfcorepathusage.code.tex
File: pgfcorepathusage.code.tex 2020/12/27 v3.1.8b (3.1.8b)
\pgf@shorten@end@additional=\dimen170
\pgf@shorten@start@additional=\dimen171
)
(c:/Users/mkapur/AppData/Roaming/TinyTeX/texmf-dist/tex/generic/pgf/basiclayer/
pgfcorescopes.code.tex
File: pgfcorescopes.code.tex 2020/12/27 v3.1.8b (3.1.8b)
\pgfpic=\box51
\pgf@hbox=\box52
\pgf@layerbox@main=\box53
\pgf@picture@serial@count=\count198
)
(c:/Users/mkapur/AppData/Roaming/TinyTeX/texmf-dist/tex/generic/pgf/basiclayer/
pgfcoregraphicstate.code.tex
File: pgfcoregraphicstate.code.tex 2020/12/27 v3.1.8b (3.1.8b)
\pgflinewidth=\dimen172
)
(c:/Users/mkapur/AppData/Roaming/TinyTeX/texmf-dist/tex/generic/pgf/basiclayer/
pgfcoretransformations.code.tex
File: pgfcoretransformations.code.tex 2020/12/27 v3.1.8b (3.1.8b)
\pgf@pt@x=\dimen173
\pgf@pt@y=\dimen174
\pgf@pt@temp=\dimen175
)
(c:/Users/mkapur/AppData/Roaming/TinyTeX/texmf-dist/tex/generic/pgf/basiclayer/
pgfcorequick.code.tex
File: pgfcorequick.code.tex 2020/12/27 v3.1.8b (3.1.8b)
)
(c:/Users/mkapur/AppData/Roaming/TinyTeX/texmf-dist/tex/generic/pgf/basiclayer/
pgfcoreobjects.code.tex
File: pgfcoreobjects.code.tex 2020/12/27 v3.1.8b (3.1.8b)
)
(c:/Users/mkapur/AppData/Roaming/TinyTeX/texmf-dist/tex/generic/pgf/basiclayer/
pgfcorepathprocessing.code.tex
File: pgfcorepathprocessing.code.tex 2020/12/27 v3.1.8b (3.1.8b)
)
(c:/Users/mkapur/AppData/Roaming/TinyTeX/texmf-dist/tex/generic/pgf/basiclayer/
pgfcorearrows.code.tex
File: pgfcorearrows.code.tex 2020/12/27 v3.1.8b (3.1.8b)
\pgfarrowsep=\dimen176
)
(c:/Users/mkapur/AppData/Roaming/TinyTeX/texmf-dist/tex/generic/pgf/basiclayer/
pgfcoreshade.code.tex
File: pgfcoreshade.code.tex 2020/12/27 v3.1.8b (3.1.8b)
\pgf@max=\dimen177
\pgf@sys@shading@range@num=\count199
\pgf@shadingcount=\count266
)
(c:/Users/mkapur/AppData/Roaming/TinyTeX/texmf-dist/tex/generic/pgf/basiclayer/
pgfcoreimage.code.tex
File: pgfcoreimage.code.tex 2020/12/27 v3.1.8b (3.1.8b)

(c:/Users/mkapur/AppData/Roaming/TinyTeX/texmf-dist/tex/generic/pgf/basiclayer/
pgfcoreexternal.code.tex
File: pgfcoreexternal.code.tex 2020/12/27 v3.1.8b (3.1.8b)
\pgfexternal@startupbox=\box54
))
(c:/Users/mkapur/AppData/Roaming/TinyTeX/texmf-dist/tex/generic/pgf/basiclayer/
pgfcorelayers.code.tex
File: pgfcorelayers.code.tex 2020/12/27 v3.1.8b (3.1.8b)
)
(c:/Users/mkapur/AppData/Roaming/TinyTeX/texmf-dist/tex/generic/pgf/basiclayer/
pgfcoretransparency.code.tex
File: pgfcoretransparency.code.tex 2020/12/27 v3.1.8b (3.1.8b)
)
(c:/Users/mkapur/AppData/Roaming/TinyTeX/texmf-dist/tex/generic/pgf/basiclayer/
pgfcorepatterns.code.tex
File: pgfcorepatterns.code.tex 2020/12/27 v3.1.8b (3.1.8b)
)
(c:/Users/mkapur/AppData/Roaming/TinyTeX/texmf-dist/tex/generic/pgf/basiclayer/
pgfcorerdf.code.tex
File: pgfcorerdf.code.tex 2020/12/27 v3.1.8b (3.1.8b)
)))
(c:/Users/mkapur/AppData/Roaming/TinyTeX/texmf-dist/tex/generic/pgf/modules/pgf
moduleshapes.code.tex
File: pgfmoduleshapes.code.tex 2020/12/27 v3.1.8b (3.1.8b)
\pgfnodeparttextbox=\box55
)
(c:/Users/mkapur/AppData/Roaming/TinyTeX/texmf-dist/tex/generic/pgf/modules/pgf
moduleplot.code.tex
File: pgfmoduleplot.code.tex 2020/12/27 v3.1.8b (3.1.8b)
)
(c:/Users/mkapur/AppData/Roaming/TinyTeX/texmf-dist/tex/latex/pgf/compatibility
/pgfcomp-version-0-65.sty
Package: pgfcomp-version-0-65 2020/12/27 v3.1.8b (3.1.8b)
\pgf@nodesepstart=\dimen178
\pgf@nodesepend=\dimen179
)
(c:/Users/mkapur/AppData/Roaming/TinyTeX/texmf-dist/tex/latex/pgf/compatibility
/pgfcomp-version-1-18.sty
Package: pgfcomp-version-1-18 2020/12/27 v3.1.8b (3.1.8b)
))
(c:/Users/mkapur/AppData/Roaming/TinyTeX/texmf-dist/tex/latex/pgf/utilities/pgf
for.sty
(c:/Users/mkapur/AppData/Roaming/TinyTeX/texmf-dist/tex/latex/pgf/utilities/pgf
keys.sty
(c:/Users/mkapur/AppData/Roaming/TinyTeX/texmf-dist/tex/generic/pgf/utilities/p
gfkeys.code.tex))
(c:/Users/mkapur/AppData/Roaming/TinyTeX/texmf-dist/tex/latex/pgf/math/pgfmath.
sty
(c:/Users/mkapur/AppData/Roaming/TinyTeX/texmf-dist/tex/generic/pgf/math/pgfmat
h.code.tex))
(c:/Users/mkapur/AppData/Roaming/TinyTeX/texmf-dist/tex/generic/pgf/utilities/p
gffor.code.tex
Package: pgffor 2020/12/27 v3.1.8b (3.1.8b)

(c:/Users/mkapur/AppData/Roaming/TinyTeX/texmf-dist/tex/generic/pgf/math/pgfmat
h.code.tex)
\pgffor@iter=\dimen180
\pgffor@skip=\dimen181
\pgffor@stack=\toks26
\pgffor@toks=\toks27
))
(c:/Users/mkapur/AppData/Roaming/TinyTeX/texmf-dist/tex/generic/pgf/frontendlay
er/tikz/tikz.code.tex
Package: tikz 2020/12/27 v3.1.8b (3.1.8b)

(c:/Users/mkapur/AppData/Roaming/TinyTeX/texmf-dist/tex/generic/pgf/libraries/p
gflibraryplothandlers.code.tex
File: pgflibraryplothandlers.code.tex 2020/12/27 v3.1.8b (3.1.8b)
\pgf@plot@mark@count=\count267
\pgfplotmarksize=\dimen182
)
\tikz@lastx=\dimen183
\tikz@lasty=\dimen184
\tikz@lastxsaved=\dimen185
\tikz@lastysaved=\dimen186
\tikz@lastmovetox=\dimen187
\tikz@lastmovetoy=\dimen188
\tikzleveldistance=\dimen189
\tikzsiblingdistance=\dimen190
\tikz@figbox=\box56
\tikz@figbox@bg=\box57
\tikz@tempbox=\box58
\tikz@tempbox@bg=\box59
\tikztreelevel=\count268
\tikznumberofchildren=\count269
\tikznumberofcurrentchild=\count270
\tikz@fig@count=\count271

(c:/Users/mkapur/AppData/Roaming/TinyTeX/texmf-dist/tex/generic/pgf/modules/pgf
modulematrix.code.tex
File: pgfmodulematrix.code.tex 2020/12/27 v3.1.8b (3.1.8b)
\pgfmatrixcurrentrow=\count272
\pgfmatrixcurrentcolumn=\count273
\pgf@matrix@numberofcolumns=\count274
)
\tikz@expandcount=\count275

(c:/Users/mkapur/AppData/Roaming/TinyTeX/texmf-dist/tex/generic/pgf/frontendlay
er/tikz/libraries/tikzlibrarytopaths.code.tex
File: tikzlibrarytopaths.code.tex 2020/12/27 v3.1.8b (3.1.8b)
)))
(c:/Users/mkapur/AppData/Roaming/TinyTeX/texmf-dist/tex/latex/geometry/geometry
.sty
Package: geometry 2020/01/02 v5.9 Page Geometry

(c:/Users/mkapur/AppData/Roaming/TinyTeX/texmf-dist/tex/generic/iftex/ifvtex.st
y
Package: ifvtex 2019/10/25 v1.7 ifvtex legacy package. Use iftex instead.

(c:/Users/mkapur/AppData/Roaming/TinyTeX/texmf-dist/tex/generic/iftex/iftex.sty
Package: iftex 2020/03/06 v1.0d TeX engine tests
))
\Gm@cnth=\count276
\Gm@cntv=\count277
\c@Gm@tempcnt=\count278
\Gm@bindingoffset=\dimen191
\Gm@wd@mp=\dimen192
\Gm@odd@mp=\dimen193
\Gm@even@mp=\dimen194
\Gm@layoutwidth=\dimen195
\Gm@layoutheight=\dimen196
\Gm@layouthoffset=\dimen197
\Gm@layoutvoffset=\dimen198
\Gm@dimlist=\toks28
)
(c:/Users/mkapur/AppData/Roaming/TinyTeX/texmf-dist/tex/latex/lastpage/lastpage
.sty
Package: lastpage 2015/03/29 v1.2m Refers to last page's name (HMM; JPG)
)
(c:/Users/mkapur/AppData/Roaming/TinyTeX/texmf-dist/tex/latex/fancyhdr/fancyhdr
.sty
Package: fancyhdr 2021/01/28 v4.0.1 Extensive control of page headers and footer
s
\f@nch@headwidth=\skip49
\f@nch@O@elh=\skip50
\f@nch@O@erh=\skip51
\f@nch@O@olh=\skip52
\f@nch@O@orh=\skip53
\f@nch@O@elf=\skip54
\f@nch@O@erf=\skip55
\f@nch@O@olf=\skip56
\f@nch@O@orf=\skip57
)
(c:/Users/mkapur/AppData/Roaming/TinyTeX/texmf-dist/tex/latex/hanging/hanging.s
ty
Package: hanging 2009/09/02 v1.2b hanging paragraphs and punctuation
\h@ngcommawd=\skip58
\h@ngfstopwd=\skip59
\h@ngquotewd=\skip60
\h@ngdquotewd=\skip61
\h@ngquerywd=\skip62
\h@ngexclwd=\skip63
\h@ngcolonwd=\skip64
\h@ngscolonwd=\skip65
)
(c:/Users/mkapur/AppData/Roaming/TinyTeX/texmf-dist/tex/latex/pdfmanagement-tes
tphase/pdflscape-ltx.sty
Package: pdflscape-ltx 2021/02/22 vv0.95b Display of landscape pages in PDF - ad
aption of pdflscape to the PDFmanagement bundle (testphase)

(c:/Users/mkapur/AppData/Roaming/TinyTeX/texmf-dist/tex/latex/graphics/lscape.s
ty
Package: lscape 2020/05/28 v3.02 Landscape Pages (DPC)
))
(c:/Users/mkapur/AppData/Roaming/TinyTeX/texmf-dist/tex/latex/tools/verbatim.st
y
Package: verbatim 2020-07-07 v1.5u LaTeX2e package for verbatim enhancements
\every@verbatim=\toks29
\verbatim@line=\toks30
\verbatim@in@stream=\read3
)
(c:/Users/mkapur/AppData/Roaming/TinyTeX/texmf-dist/tex/latex/setspace/setspace
.sty
Package: setspace 2011/12/19 v6.7a set line spacing
) (c:/Users/mkapur/AppData/Roaming/TinyTeX/texmf-dist/tex/latex/float/float.sty
Package: float 2001/11/08 v1.3d Float enhancements (AL)
\c@float@type=\count279
\float@exts=\toks31
\float@box=\box60
\@float@everytoks=\toks32
\@floatcapt=\box61
) (c:/Users/mkapur/AppData/Roaming/TinyTeX/texmf-dist/tex/latex/url/url.sty
\Urlmuskip=\muskip16
Package: url 2013/09/16  ver 3.4  Verb mode for urls, etc.
)
(c:/Users/mkapur/AppData/Roaming/TinyTeX/texmf-dist/tex/latex/hyperref/hyperref
.sty
Package: hyperref 2021-02-27 v7.00k Hypertext links for LaTeX

(c:/Users/mkapur/AppData/Roaming/TinyTeX/texmf-dist/tex/generic/ltxcmds/ltxcmds
.sty
Package: ltxcmds 2020-05-10 v1.25 LaTeX kernel commands for general use (HO)
)
(c:/Users/mkapur/AppData/Roaming/TinyTeX/texmf-dist/tex/generic/pdftexcmds/pdft
excmds.sty
Package: pdftexcmds 2020-06-27 v0.33 Utility functions of pdfTeX for LuaTeX (HO)


(c:/Users/mkapur/AppData/Roaming/TinyTeX/texmf-dist/tex/generic/infwarerr/infwa
rerr.sty
Package: infwarerr 2019/12/03 v1.5 Providing info/warning/error messages (HO)
)
Package pdftexcmds Info: \pdf@primitive is available.
Package pdftexcmds Info: \pdf@ifprimitive is available.
Package pdftexcmds Info: \pdfdraftmode found.
\pdftexcmds@toks=\toks33
)
(c:/Users/mkapur/AppData/Roaming/TinyTeX/texmf-dist/tex/generic/kvsetkeys/kvset
keys.sty
Package: kvsetkeys 2019/12/15 v1.18 Key value parser (HO)
)
(c:/Users/mkapur/AppData/Roaming/TinyTeX/texmf-dist/tex/generic/kvdefinekeys/kv
definekeys.sty
Package: kvdefinekeys 2019-12-19 v1.6 Define keys (HO)
)
(c:/Users/mkapur/AppData/Roaming/TinyTeX/texmf-dist/tex/generic/pdfescape/pdfes
cape.sty
Package: pdfescape 2019/12/09 v1.15 Implements pdfTeX's escape features (HO)
)
(c:/Users/mkapur/AppData/Roaming/TinyTeX/texmf-dist/tex/latex/hycolor/hycolor.s
ty
Package: hycolor 2020-01-27 v1.10 Color options for hyperref/bookmark (HO)
)
(c:/Users/mkapur/AppData/Roaming/TinyTeX/texmf-dist/tex/latex/letltxmacro/letlt
xmacro.sty
Package: letltxmacro 2019/12/03 v1.6 Let assignment for LaTeX macros (HO)
)
(c:/Users/mkapur/AppData/Roaming/TinyTeX/texmf-dist/tex/latex/auxhook/auxhook.s
ty
Package: auxhook 2019-12-17 v1.6 Hooks for auxiliary files (HO)
)
(c:/Users/mkapur/AppData/Roaming/TinyTeX/texmf-dist/tex/latex/kvoptions/kvoptio
ns.sty
Package: kvoptions 2020-10-07 v3.14 Key value format for package options (HO)
)
\@linkdim=\dimen199
\Hy@linkcounter=\count280
\Hy@pagecounter=\count281

(c:/Users/mkapur/AppData/Roaming/TinyTeX/texmf-dist/tex/latex/hyperref/pd1enc.d
ef
File: pd1enc.def 2021-02-27 v7.00k Hyperref: PDFDocEncoding definition (HO)
)
(c:/Users/mkapur/AppData/Roaming/TinyTeX/texmf-dist/tex/latex/hyperref/hyperref
-langpatches.def
File: hyperref-langpatches.def 2021-02-27 v7.00k Hyperref: patches for babel lan
guages
)
(c:/Users/mkapur/AppData/Roaming/TinyTeX/texmf-dist/tex/generic/intcalc/intcalc
.sty
Package: intcalc 2019/12/15 v1.3 Expandable calculations with integers (HO)
)
(c:/Users/mkapur/AppData/Roaming/TinyTeX/texmf-dist/tex/generic/etexcmds/etexcm
ds.sty
Package: etexcmds 2019/12/15 v1.7 Avoid name clashes with e-TeX commands (HO)
)
\Hy@SavedSpaceFactor=\count282

(c:/Users/mkapur/AppData/Roaming/TinyTeX/texmf-dist/tex/latex/hyperref/puenc.de
f
File: puenc.def 2021-02-27 v7.00k Hyperref: PDF Unicode definition (HO)
)
Package hyperref Info: Hyper figures OFF on input line 4192.
Package hyperref Info: Link nesting OFF on input line 4197.
Package hyperref Info: Hyper index ON on input line 4200.
Package hyperref Info: Plain pages OFF on input line 4207.
Package hyperref Info: Backreferencing ON on input line 4210.
Package hyperref Info: Implicit mode ON; LaTeX internals redefined.
Package hyperref Info: Bookmarks ON on input line 4445.

(c:/Users/mkapur/AppData/Roaming/TinyTeX/texmf-dist/tex/latex/hyperref/backref.
sty
Package: backref 2021/02/04 v1.41 Bibliographical back referencing

(c:/Users/mkapur/AppData/Roaming/TinyTeX/texmf-dist/tex/latex/rerunfilecheck/re
runfilecheck.sty
Package: rerunfilecheck 2019/12/05 v1.9 Rerun checks for auxiliary files (HO)

(c:/Users/mkapur/AppData/Roaming/TinyTeX/texmf-dist/tex/latex/base/atveryend-lt
x.sty
Package: atveryend-ltx 2020/08/19 v1.0a Emulation of the original atvery package

with kernel methods
)
(c:/Users/mkapur/AppData/Roaming/TinyTeX/texmf-dist/tex/generic/uniquecounter/u
niquecounter.sty
Package: uniquecounter 2019/12/15 v1.4 Provide unlimited unique counter (HO)

(c:/Users/mkapur/AppData/Roaming/TinyTeX/texmf-dist/tex/generic/bigintcalc/bigi
ntcalc.sty
Package: bigintcalc 2019/12/15 v1.5 Expandable calculations on big integers (HO)

))
Package uniquecounter Info: New unique counter `rerunfilecheck' on input line 28
6.
))
\c@Hy@tempcnt=\count283
LaTeX Info: Redefining \url on input line 4804.
\XeTeXLinkMargin=\dimen256

(c:/Users/mkapur/AppData/Roaming/TinyTeX/texmf-dist/tex/generic/bitset/bitset.s
ty
Package: bitset 2019/12/09 v1.3 Handle bit-vector datatype (HO)
)
\Fld@menulength=\count284
\Field@Width=\dimen257
\Fld@charsize=\dimen258
Package hyperref Info: Hyper figures OFF on input line 6075.
Package hyperref Info: Link nesting OFF on input line 6080.
Package hyperref Info: Hyper index ON on input line 6083.
Package hyperref Info: backreferencing ON on input line 6088.
Package hyperref Info: Link coloring OFF on input line 6095.
Package hyperref Info: Link coloring with OCG OFF on input line 6100.
Package hyperref Info: PDF/A mode OFF on input line 6105.
LaTeX Info: Redefining \ref on input line 6145.
LaTeX Info: Redefining \pageref on input line 6149.

(c:/Users/mkapur/AppData/Roaming/TinyTeX/texmf-dist/tex/latex/base/atbegshi-ltx
.sty
Package: atbegshi-ltx 2020/08/17 v1.0a Emulation of the original atbegshi packag
e
with kernel methods
)
\Hy@abspage=\count285
\c@Item=\count286
\c@Hfootnote=\count287
)
Package hyperref Info: Driver (custom): hgeneric-testphase.

(c:/Users/mkapur/AppData/Roaming/TinyTeX/texmf-dist/tex/latex/pdfmanagement-tes
tphase/hgeneric-testphase.def
File: hgeneric-testphase.def 2021/02/22 v0.95b generic Hyperref driver for the L
aTeX PDF management testphase bundle

(c:/Users/mkapur/AppData/Roaming/TinyTeX/texmf-dist/tex/latex/etoolbox/etoolbox
.sty
Package: etoolbox 2020/10/05 v2.5k e-TeX tools for LaTeX (JAW)
\etb@tempcnta=\count288
)
(c:/Users/mkapur/AppData/Roaming/TinyTeX/texmf-dist/tex/latex/pdfmanagement-tes
tphase/hyperref-colorschemes.def)

LaTeX3 Info: Redefining command \Acrobatmenu with sig. 'mm' on line 175.

\l__hyp_tmpa_box=\box62
\l__hyp_tmpa_int=\count289
\l__hyp_dest_box=\box63

LaTeX3 Info: Defining command \MakeFieldObject with sig. 'mm' on line 2192.

\HyAnn@Count=\count290
\Fld@listcount=\count291
\Hy@SectionHShift=\skip66
LaTeX Info: Redefining \Hy__hypSectionAnchor on input line 3229.
)
(c:/Users/mkapur/AppData/Roaming/TinyTeX/texmf-dist/tex/latex/datetime2/datetim
e2.sty
Package: datetime2 2020/03/02 v1.5.6 (NLCT) date and time formats

(c:/Users/mkapur/AppData/Roaming/TinyTeX/texmf-dist/tex/latex/tracklang/trackla
ng.sty
Package: tracklang 2020/06/30 v1.5 (NLCT) Track Languages

(c:/Users/mkapur/AppData/Roaming/TinyTeX/texmf-dist/tex/generic/tracklang/track
lang.tex))
(c:/Users/mkapur/AppData/Roaming/TinyTeX/texmf-dist/tex/latex/xkeyval/xkeyval.s
ty
Package: xkeyval 2020/11/20 v2.8 package option processing (HA)

(c:/Users/mkapur/AppData/Roaming/TinyTeX/texmf-dist/tex/generic/xkeyval/xkeyval
.tex
(c:/Users/mkapur/AppData/Roaming/TinyTeX/texmf-dist/tex/generic/xkeyval/xkvutil
s.tex
\XKV@toks=\toks34
\XKV@tempa@toks=\toks35
)
\XKV@depth=\count292
File: xkeyval.tex 2014/12/03 v2.7a key=value parser (HA)
))

Package datetime2 Warning: Date-Time Language Module `english' not installed on 
input line 1913.

)
(c:/Users/mkapur/AppData/Roaming/TinyTeX/texmf-dist/tex/latex/natbib/natbib.sty
Package: natbib 2010/09/13 8.31b (PWD, AO)
\bibhang=\skip67
\bibsep=\skip68
LaTeX Info: Redefining \cite on input line 694.
\c@NAT@ctr=\count293
)
(c:/Users/mkapur/AppData/Roaming/TinyTeX/texmf-dist/tex/latex/fancyvrb/fancyvrb
.sty
Package: fancyvrb 2021/01/20 v3.7 verbatim text (tvz,hv)
\FV@CodeLineNo=\count294
\FV@InFile=\read4
\FV@TabBox=\box64
\c@FancyVerbLine=\count295
\FV@StepNumber=\count296
\FV@OutFile=\write4
) (c:/Users/mkapur/AppData/Roaming/TinyTeX/texmf-dist/tex/latex/base/alltt.sty
Package: alltt 1997/06/16 v2.0g defines alltt environment
)
(c:/Users/mkapur/AppData/Roaming/TinyTeX/texmf-dist/tex/latex/amsfonts/amsfonts
.sty
Package: amsfonts 2013/01/14 v3.01 Basic AMSFonts support
\@emptytoks=\toks36
\symAMSa=\mathgroup4
\symAMSb=\mathgroup5
LaTeX Font Info:    Redeclaring math symbol \hbar on input line 98.
LaTeX Font Info:    Overwriting math alphabet `\mathfrak' in version `bold'
(Font)                  U/euf/m/n --> U/euf/b/n on input line 106.
)
(c:/Users/mkapur/AppData/Roaming/TinyTeX/texmf-dist/tex/latex/caption/caption.s
ty
Package: caption 2020/10/26 v3.5g Customizing captions (AR)

(c:/Users/mkapur/AppData/Roaming/TinyTeX/texmf-dist/tex/latex/caption/caption3.
sty
Package: caption3 2020/10/21 v2.2e caption3 kernel (AR)
\captionmargin=\dimen259
\captionmargin@=\dimen260
\captionwidth=\dimen261
\caption@tempdima=\dimen262
\caption@indent=\dimen263
\caption@parindent=\dimen264
\caption@hangindent=\dimen265
Package caption Info: Standard document class detected.
)
\c@caption@flags=\count297
\c@continuedfloat=\count298
Package caption Info: float package is loaded.
Package caption Info: hyperref package is loaded.
)
(c:/Users/mkapur/AppData/Roaming/TinyTeX/texmf-dist/tex/latex/environ/environ.s
ty
Package: environ 2014/05/04 v0.3 A new way to define environments

(c:/Users/mkapur/AppData/Roaming/TinyTeX/texmf-dist/tex/latex/trimspaces/trimsp
aces.sty
Package: trimspaces 2009/09/17 v1.1 Trim spaces around a token list
)
\@envbody=\toks37
)
(c:/Users/mkapur/AppData/Roaming/TinyTeX/texmf-dist/tex/latex/accsupp/accsupp.s
ty
Package: accsupp 2019/12/05 v0.6 Accessibility support by marked content (HO)

(c:/Users/mkapur/AppData/Roaming/TinyTeX/texmf-dist/tex/latex/accsupp/accsupp-l
uatex.def
File: accsupp-luatex.def 2019/12/05 v0.6 accsupp driver for pdfTeX (HO)
))
(c:/Users/mkapur/AppData/Roaming/TinyTeX/texmf-dist/tex/latex/pdfcomment/pdfcom
ment.sty
Package: pdfcomment 2018/11/01 pdfcomment.sty v2.4a - Josef Kleber (C) 2008-2012
, 2015-2016, 2018
\c@pc@count@i=\count299
\c@pc@count@ii=\count300
\c@pc@count@iii=\count301
\c@pc@count@iv=\count302
\pc@mathannot@box=\box65
\pc@nullbox=\box66
\pc@dima=\skip69
\pc@dimb=\skip70
\pc@Sposx=\skip71
\pc@Sposy=\skip72
\pc@Eposx=\skip73
\pc@Eposy=\skip74
\pc@column=\skip75
\pc@box@width=\skip76
\pc@box@height=\skip77
\pc@box@depth=\skip78

(c:/Users/mkapur/AppData/Roaming/TinyTeX/texmf-dist/tex/generic/luatex85/luatex
85.sty
Package: luatex85 2016/06/15 v1.4 pdftex aliases for luatex
)
(c:/Users/mkapur/AppData/Roaming/TinyTeX/texmf-dist/tex/latex/zref/zref-savepos
.sty
Package: zref-savepos 2020-07-03 v2.32 Module savepos for zref (HO)

(c:/Users/mkapur/AppData/Roaming/TinyTeX/texmf-dist/tex/latex/zref/zref-base.st
y
Package: zref-base 2020-07-03 v2.32 Module base for zref (HO)
Package zref Info: New property list: main on input line 764.
Package zref Info: New property: default on input line 765.
Package zref Info: New property: page on input line 766.
)
Package zref Info: New property list: savepos on input line 80.
Package zref Info: New property: posx on input line 85.
Package zref Info: New property: posy on input line 86.
)
\c@zref@unique=\count303

(c:/Users/mkapur/AppData/Roaming/TinyTeX/texmf-dist/tex/latex/refcount/refcount
.sty
Package: refcount 2019/12/15 v3.6 Data extraction from label references (HO)
) (c:/Users/mkapur/AppData/Roaming/TinyTeX/texmf-dist/tex/latex/base/ifthen.sty
Package: ifthen 2014/09/29 v1.1c Standard LaTeX ifthen package (DPC)
) (c:/Users/mkapur/AppData/Roaming/TinyTeX/texmf-dist/tex/latex/tools/calc.sty
Package: calc 2017/05/25 v4.3 Infix arithmetic (KKT,FJ)
\calc@Acount=\count304
\calc@Bcount=\count305
\calc@Adimen=\dimen266
\calc@Bdimen=\dimen267
\calc@Askip=\skip79
\calc@Bskip=\skip80
LaTeX Info: Redefining \setlength on input line 80.
LaTeX Info: Redefining \addtolength on input line 81.
\calc@Ccount=\count306
\calc@Cskip=\skip81
)
(c:/Users/mkapur/AppData/Roaming/TinyTeX/texmf-dist/tex/latex/marginnote/margin
note.sty
Package: marginnote 2018/08/09 v1.4b non floating margin notes for LaTeX
\c@mn@abspage=\count307
)
(c:/Users/mkapur/AppData/Roaming/TinyTeX/texmf-dist/tex/generic/iftex/ifpdf.sty
Package: ifpdf 2019/10/25 v3.4 ifpdf legacy package. Use iftex instead.
)
(c:/Users/mkapur/AppData/Roaming/TinyTeX/texmf-dist/tex/generic/iftex/ifluatex.
sty
Package: ifluatex 2019/10/25 v1.5 ifluatex legacy package. Use iftex instead.
)
(c:/Users/mkapur/AppData/Roaming/TinyTeX/texmf-dist/tex/latex/soulpos/soulpos.s
ty
Package: soulpos 2012/02/25 v1.1 Fancy underlining
\ulp@subcnt=\count308
\ulp@cnt=\count309
\ulp@out=\write5
\ulp@in=\read5
\ulwidth=\dimen268
)

Package hyperref Warning: unknown key luatex of module ’hyp / setup’ set to
(hyperref)                ’’.

Package zref Info: New property list: pdfcomment on input line 2735.
Package zref Info: New property: PCPDFOBJID on input line 2736.
)
(c:/Users/mkapur/AppData/Roaming/TinyTeX/texmf-dist/tex/latex/tagpdf/tagpdf.sty
Package: tagpdf 2021/02/23 v0.80  A package to experiment with pdf tagging 
\l__tag_loglevel_int=\count310

(c:/Users/mkapur/AppData/Roaming/TinyTeX/texmf-dist/tex/latex/tagpdf/tagpdf-lua
tex.def
File: tagpdf-luatex.def 2021/02/23 v0.80 tagpdf driver for luatex
\l__tag_mc_type_attr=\attribute4
\l__tag_mc_cnt_attr=\attribute5
\g__tag_interwordspace_attr=\attribute6
\g__tag_interwordfont_attr=\attribute7
Lua module: tagpdf 2021-02-23 0.80 tagpdf lua code)
(c:/Users/mkapur/AppData/Roaming/TinyTeX/texmf-dist/tex/latex/tagpdf/tagpdf-che
cks-code.sty
Package: tagpdf-checks-code 2021/02/23 v0.80 part of tagpdf - code related to ch
ecks and messages
)
(c:/Users/mkapur/AppData/Roaming/TinyTeX/texmf-dist/tex/latex/tagpdf/tagpdf-use
r.sty
Package: tagpdf-user 2021/02/23 v0.80 tagpdf - user commands

LaTeX3 Info: Defining command \tagpdfsetup with sig. 'm' on line 28.


LaTeX3 Info: Defining command \tagmcifinTF with sig. 'mm' on line 82.


LaTeX3 Info: Defining environment 'tagmcartifact' with sig. 'm' on line 90.


LaTeX3 Info: Defining command \tagmcbegin with sig. 'm' on line 95.


LaTeX3 Info: Defining command \tagmcend with sig. '' on line 101.


LaTeX3 Info: Defining command \tagmcuse with sig. 'm' on line 106.


LaTeX3 Info: Defining command \tagstructbegin with sig. 'm' on line 113.


LaTeX3 Info: Defining command \tagstructend with sig. '' on line 118.


LaTeX3 Info: Defining command \tagstructuse with sig. 'm' on line 123.


LaTeX3 Info: Defining command \showtagpdfmcdata with sig.
(LaTeX3)     'O{\__tag_tag_get_mc_abs_cnt: }' on line 135.


LaTeX3 Info: Defining command \showtagpdfattributes with sig. '' on line 159.


LaTeX3 Info: Defining command \pdffakespace with sig. '' on line 167.

)
(c:/Users/mkapur/AppData/Roaming/TinyTeX/texmf-dist/tex/latex/tagpdf/tagpdf-tre
e-code.sty
Package: tagpdf-tree-code 2021/02/23 v0.80 part of tagpdf - code related to writ
ing trees and dictionaries to the pdf
\c@g__tag_parenttree_obj_int=\count311
)
(c:/Users/mkapur/AppData/Roaming/TinyTeX/texmf-dist/tex/latex/tagpdf/tagpdf-rol
es-code.sty
Package: tagpdf-roles-code 2021/02/23 v0.80 part of tagpdf - code related to rol
es and structure names
)
(c:/Users/mkapur/AppData/Roaming/TinyTeX/texmf-dist/tex/latex/tagpdf/tagpdf-att
r-code.sty
Package: tagpdf-attr-code 2021/02/23 v0.80 part of tagpdf - code related to attr
ibutes and attribute classes
)
(c:/Users/mkapur/AppData/Roaming/TinyTeX/texmf-dist/tex/latex/tagpdf/tagpdf-mc-
code-shared.sty
Package: tagpdf-mc-code-shared 2021/02/23 v0.80 part of tagpdf - code related to
 marking chunks - code shared by generic and luamode 
\c@g__tag_MCID_abs_int=\count312
\g__tag_MCID_tmp_bypage_int=\count313
)
(c:/Users/mkapur/AppData/Roaming/TinyTeX/texmf-dist/tex/latex/tagpdf/tagpdf-mc-
code-lua.sty
Package: tagpdf-mc-code-lua 2021/02/23 v0.80 tagpdf - mc code only for the luamo
de 
)
(c:/Users/mkapur/AppData/Roaming/TinyTeX/texmf-dist/tex/latex/tagpdf/tagpdf-str
uct-code.sty
Package: tagpdf-struct-code 2021/02/23 v0.80 part of tagpdf - code related to st
oring structure
\c@g__tag_struct_abs_int=\count314
))
(c:/Users/mkapur/AppData/Roaming/TinyTeX/texmf-dist/tex/latex/tagpdf/tagpdf-spa
ce-code.sty
Package: tagpdf-space-code 2021/02/23 v0.80 part of tagpdf - code related to rea
l space chars
)
Inserting `markspaces' at position 2 in `pre_linebreak_filter'.
Inserting `markspaces' at position 3 in `hpack_filter'.
(c:/Users/mkapur/AppData/Roaming/TinyTeX/texmf-dist/tex/latex/pgf/utilities/pgf
pages.sty
Package: pgfpages 2011/01/05 ver 0.02
\pgf@logicalpages=\count315
\pgf@firstshipout=\count316
\pgf@lastshipout=\count317
\pgf@currentshipout=\count318
\pgf@cpn=\count319
\pgf@shipoutnextto=\count320
\pgfphysicalheight=\dimen269
\pgfphysicalwidth=\dimen270
\pgfpages@shipoutbox=\box67
)
(c:/Users/mkapur/AppData/Roaming/TinyTeX/texmf-dist/tex/latex/glossaries/base/g
lossaries.sty
Package: glossaries 2020/03/19 v4.46 (NLCT)

(c:/Users/mkapur/AppData/Roaming/TinyTeX/texmf-dist/tex/latex/mfirstuc/mfirstuc
.sty
Package: mfirstuc 2017/11/14 v2.06 (NLCT)
\@glsmfirst=\toks38
\@glsmrest=\toks39
)
(c:/Users/mkapur/AppData/Roaming/TinyTeX/texmf-dist/tex/latex/textcase/textcase
.sty
Package: textcase 2019/09/14 v1.00 Text only upper/lower case changing (DPC)
) (c:/Users/mkapur/AppData/Roaming/TinyTeX/texmf-dist/tex/latex/xfor/xfor.sty
Package: xfor 2009/02/05 v1.05 (NLCT)
)
(c:/Users/mkapur/AppData/Roaming/TinyTeX/texmf-dist/tex/latex/datatool/datatool
-base.sty
Package: datatool-base 2019/09/27 v2.32 (NLCT)

(c:/Users/mkapur/AppData/Roaming/TinyTeX/texmf-dist/tex/latex/amsmath/amsmath.s
ty
Package: amsmath 2020/09/23 v2.17i AMS math features
\@mathmargin=\skip82
For additional information on amsmath, use the `?' option.

(c:/Users/mkapur/AppData/Roaming/TinyTeX/texmf-dist/tex/latex/amsmath/amstext.s
ty
Package: amstext 2000/06/29 v2.01 AMS text

(c:/Users/mkapur/AppData/Roaming/TinyTeX/texmf-dist/tex/latex/amsmath/amsgen.st
y
File: amsgen.sty 1999/11/30 v2.0 generic functions
\@emptytoks=\toks40
\ex@=\dimen271
))
(c:/Users/mkapur/AppData/Roaming/TinyTeX/texmf-dist/tex/latex/amsmath/amsbsy.st
y
Package: amsbsy 1999/11/29 v1.2d Bold Symbols
\pmbraise@=\dimen272
)
(c:/Users/mkapur/AppData/Roaming/TinyTeX/texmf-dist/tex/latex/amsmath/amsopn.st
y
Package: amsopn 2016/03/08 v2.02 operator names
LaTeX Info: Redefining \operatorname on input line 43.
)
\inf@bad=\count321
LaTeX Info: Redefining \frac on input line 236.
\uproot@=\count322
\leftroot@=\count323
LaTeX Info: Redefining \overline on input line 399.
\classnum@=\count324
\DOTSCASE@=\count325
LaTeX Info: Redefining \ldots on input line 496.
LaTeX Info: Redefining \dots on input line 499.
LaTeX Info: Redefining \cdots on input line 620.
\Mathstrutbox@=\box68
\strutbox@=\box69
\big@size=\dimen273
LaTeX Font Info:    Redeclaring font encoding OML on input line 743.
LaTeX Font Info:    Redeclaring font encoding OMS on input line 744.
\macc@depth=\count326
\c@MaxMatrixCols=\count327
\dotsspace@=\muskip17
\c@parentequation=\count328
\dspbrk@lvl=\count329
\tag@help=\toks41
\row@=\count330
\column@=\count331
\maxfields@=\count332
\andhelp@=\toks42
\eqnshift@=\dimen274
\alignsep@=\dimen275
\tagshift@=\dimen276
\tagwidth@=\dimen277
\totwidth@=\dimen278
\lineht@=\dimen279
\@envbody=\toks43
\multlinegap=\skip83
\multlinetaggap=\skip84
\mathdisplay@stack=\toks44
LaTeX Info: Redefining \[ on input line 2923.
LaTeX Info: Redefining \] on input line 2924.
)
(c:/Users/mkapur/AppData/Roaming/TinyTeX/texmf-dist/tex/latex/substr/substr.sty
Package: substr 2009/10/20 v1.2 Handle substrings
\c@su@anzahl=\count333
)
(c:/Users/mkapur/AppData/Roaming/TinyTeX/texmf-dist/tex/latex/datatool/datatool
-fp.sty
Package: datatool-fp 2019/09/27 v2.32 (NLCT)
(c:/Users/mkapur/AppData/Roaming/TinyTeX/texmf-dist/tex/latex/fp/fp.sty
Package: fp 1995/04/02
`Fixed Point Package', Version 0.8, April 2, 1995 (C) Michael Mehlich
(c:/Users/mkapur/AppData/Roaming/TinyTeX/texmf-dist/tex/latex/fp/defpattern.sty
Package: defpattern 1994/10/12
\actioncount=\count334
) (c:/Users/mkapur/AppData/Roaming/TinyTeX/texmf-dist/tex/latex/fp/fp-basic.sty
Package: fp-basic 1996/05/13
\FP@xs=\count335
\FP@xia=\count336
\FP@xib=\count337
\FP@xfa=\count338
\FP@xfb=\count339
\FP@rega=\count340
\FP@regb=\count341
\FP@regs=\count342
\FP@times=\count343
) (c:/Users/mkapur/AppData/Roaming/TinyTeX/texmf-dist/tex/latex/fp/fp-addons.st
y
Package: fp-addons 1995/03/15
) (c:/Users/mkapur/AppData/Roaming/TinyTeX/texmf-dist/tex/latex/fp/fp-snap.sty
Package: fp-snap 1995/04/05
) (c:/Users/mkapur/AppData/Roaming/TinyTeX/texmf-dist/tex/latex/fp/fp-exp.sty
Package: fp-exp 1995/04/03
) (c:/Users/mkapur/AppData/Roaming/TinyTeX/texmf-dist/tex/latex/fp/fp-trigo.sty
Package: fp-trigo 1995/04/14
) (c:/Users/mkapur/AppData/Roaming/TinyTeX/texmf-dist/tex/latex/fp/fp-pas.sty
Package: fp-pas 1994/08/29
) (c:/Users/mkapur/AppData/Roaming/TinyTeX/texmf-dist/tex/latex/fp/fp-random.st
y
Package: fp-random 1995/02/23
\FPseed=\count344
) (c:/Users/mkapur/AppData/Roaming/TinyTeX/texmf-dist/tex/latex/fp/fp-eqn.sty
Package: fp-eqn 1995/04/03
) (c:/Users/mkapur/AppData/Roaming/TinyTeX/texmf-dist/tex/latex/fp/fp-upn.sty
Package: fp-upn 1996/10/21
) (c:/Users/mkapur/AppData/Roaming/TinyTeX/texmf-dist/tex/latex/fp/fp-eval.sty
Package: fp-eval 1995/04/03
)))
\@dtl@toks=\toks45
\@dtl@tmpcount=\count345
\dtl@tmplength=\skip85
\dtl@sortresult=\count346
\@dtl@numgrpsepcount=\count347
\@dtl@datatype=\count348
\dtl@codeA=\count349
\dtl@codeB=\count350
\@dtl@foreach@level=\count351
)
(c:/Users/mkapur/AppData/Roaming/TinyTeX/texmf-dist/tex/latex/glossaries/base/g
lossaries-compatible-307.sty
Package: glossaries-compatible-307 2020/03/19 v4.46 (NLCT)
)

Package glossaries Warning: No language module detected for `english'.
(glossaries)                Language modules need to be installed separately.
(glossaries)                Please check on CTAN for a bundle called
(glossaries)                `glossaries-english' or similar.

\gls@level=\count352
\@gls@tmpb=\toks46
\gls@tmplen=\skip86
\glskeylisttok=\toks47
\glslabeltok=\toks48
\glsshorttok=\toks49
\glslongtok=\toks50

(c:/Users/mkapur/AppData/Roaming/TinyTeX/texmf-dist/tex/latex/glossaries/styles
/glossary-hypernav.sty
Package: glossary-hypernav 2020/03/19 v4.46 (NLCT)
)
(c:/Users/mkapur/AppData/Roaming/TinyTeX/texmf-dist/tex/latex/glossaries/styles
/glossary-list.sty
Package: glossary-list 2020/03/19 v4.46 (NLCT)
\glslistdottedwidth=\skip87
)
(c:/Users/mkapur/AppData/Roaming/TinyTeX/texmf-dist/tex/latex/glossaries/styles
/glossary-long.sty
Package: glossary-long 2020/03/19 v4.46 (NLCT)

(c:/Users/mkapur/AppData/Roaming/TinyTeX/texmf-dist/tex/latex/tools/longtable.s
ty
Package: longtable 2020/01/07 v4.13 Multi-page Table package (DPC)
\LTleft=\skip88
\LTright=\skip89
\LTpre=\skip90
\LTpost=\skip91
\LTchunksize=\count353
\LTcapwidth=\dimen280
\LT@head=\box70
\LT@firsthead=\box71
\LT@foot=\box72
\LT@lastfoot=\box73
\LT@cols=\count354
\LT@rows=\count355
\c@LT@tables=\count356
\c@LT@chunks=\count357
\LT@p@ftn=\toks51
)
\glsdescwidth=\skip92
\glspagelistwidth=\skip93
)
(c:/Users/mkapur/AppData/Roaming/TinyTeX/texmf-dist/tex/latex/glossaries/styles
/glossary-tree.sty
Package: glossary-tree 2020/03/19 v4.46 (NLCT)
\glstreeindent=\skip94
)))
(c:/Users/mkapur/AppData/Roaming/TinyTeX/texmf-dist/tex/latex/amsfonts/amssymb.
sty
Package: amssymb 2013/01/14 v3.01 AMS font symbols
) (c:/Users/mkapur/AppData/Roaming/TinyTeX/texmf-dist/tex/latex/tools/array.sty
Package: array 2020/10/01 v2.5c Tabular extension package (FMi)
\col@sep=\dimen281
\ar@mcellbox=\box74
\extrarowheight=\dimen282
\NC@list=\toks52
\extratabsurround=\skip95
\backup@length=\skip96
\ar@cellbox=\box75
)
(c:/Users/mkapur/AppData/Roaming/TinyTeX/texmf-dist/tex/latex/booktabs/booktabs
.sty
Package: booktabs 2020/01/12 v1.61803398 Publication quality tables
\heavyrulewidth=\dimen283
\lightrulewidth=\dimen284
\cmidrulewidth=\dimen285
\belowrulesep=\dimen286
\belowbottomsep=\dimen287
\aboverulesep=\dimen288
\abovetopsep=\dimen289
\cmidrulesep=\dimen290
\cmidrulekern=\dimen291
\defaultaddspace=\dimen292
\@cmidla=\count358
\@cmidlb=\count359
\@aboverulesep=\dimen293
\@belowrulesep=\dimen294
\@thisruleclass=\count360
\@lastruleclass=\count361
\@thisrulewidth=\dimen295
) (c:/Users/mkapur/AppData/Roaming/TinyTeX/texmf-dist/tex/latex/lm/lmodern.sty
Package: lmodern 2009/10/30 v1.6 Latin Modern Fonts
LaTeX Font Info:    Overwriting symbol font `operators' in version `normal'
(Font)                  OT1/cmr/m/n --> OT1/lmr/m/n on input line 22.
LaTeX Font Info:    Overwriting symbol font `letters' in version `normal'
(Font)                  OML/cmm/m/it --> OML/lmm/m/it on input line 23.
LaTeX Font Info:    Overwriting symbol font `symbols' in version `normal'
(Font)                  OMS/cmsy/m/n --> OMS/lmsy/m/n on input line 24.
LaTeX Font Info:    Overwriting symbol font `largesymbols' in version `normal'
(Font)                  OMX/cmex/m/n --> OMX/lmex/m/n on input line 25.
LaTeX Font Info:    Overwriting symbol font `operators' in version `bold'
(Font)                  OT1/cmr/bx/n --> OT1/lmr/bx/n on input line 26.
LaTeX Font Info:    Overwriting symbol font `letters' in version `bold'
(Font)                  OML/cmm/b/it --> OML/lmm/b/it on input line 27.
LaTeX Font Info:    Overwriting symbol font `symbols' in version `bold'
(Font)                  OMS/cmsy/b/n --> OMS/lmsy/b/n on input line 28.
LaTeX Font Info:    Overwriting symbol font `largesymbols' in version `bold'
(Font)                  OMX/cmex/m/n --> OMX/lmex/m/n on input line 29.
LaTeX Font Info:    Overwriting math alphabet `\mathbf' in version `normal'
(Font)                  OT1/cmr/bx/n --> OT1/lmr/bx/n on input line 31.
LaTeX Font Info:    Overwriting math alphabet `\mathsf' in version `normal'
(Font)                  OT1/cmss/m/n --> OT1/lmss/m/n on input line 32.
LaTeX Font Info:    Overwriting math alphabet `\mathit' in version `normal'
(Font)                  OT1/cmr/m/it --> OT1/lmr/m/it on input line 33.
LaTeX Font Info:    Overwriting math alphabet `\mathtt' in version `normal'
(Font)                  OT1/cmtt/m/n --> OT1/lmtt/m/n on input line 34.
LaTeX Font Info:    Overwriting math alphabet `\mathbf' in version `bold'
(Font)                  OT1/cmr/bx/n --> OT1/lmr/bx/n on input line 35.
LaTeX Font Info:    Overwriting math alphabet `\mathsf' in version `bold'
(Font)                  OT1/cmss/bx/n --> OT1/lmss/bx/n on input line 36.
LaTeX Font Info:    Overwriting math alphabet `\mathit' in version `bold'
(Font)                  OT1/cmr/bx/it --> OT1/lmr/bx/it on input line 37.
LaTeX Font Info:    Overwriting math alphabet `\mathtt' in version `bold'
(Font)                  OT1/cmtt/m/n --> OT1/lmtt/m/n on input line 38.
)
(c:/Users/mkapur/AppData/Roaming/TinyTeX/texmf-dist/tex/generic/iftex/ifxetex.s
ty
Package: ifxetex 2019/10/25 v0.7 ifxetex legacy package. Use iftex instead.
)
(c:/Users/mkapur/AppData/Roaming/TinyTeX/texmf-dist/tex/latex/unicode-math/unic
ode-math.sty
Package: unicode-math 2020/01/31 v0.8q Unicode maths in XeLaTeX and LuaLaTeX

(c:/Users/mkapur/AppData/Roaming/TinyTeX/texmf-dist/tex/latex/unicode-math/unic
ode-math-luatex.sty
Package: unicode-math-luatex 2020/01/31 v0.8q Unicode maths in XeLaTeX and LuaLa
TeX

(c:/Users/mkapur/AppData/Roaming/TinyTeX/texmf-dist/tex/latex/l3packages/xparse
/xparse.sty
(c:/Users/mkapur/AppData/Roaming/TinyTeX/texmf-dist/tex/latex/l3packages/xparse
/xparse-2020-10-01.sty
(c:/Users/mkapur/AppData/Roaming/TinyTeX/texmf-dist/tex/latex/l3packages/xparse
/xparse-generic.tex)))
(c:/Users/mkapur/AppData/Roaming/TinyTeX/texmf-dist/tex/latex/l3packages/l3keys
2e/l3keys2e.sty
Package: l3keys2e 2021-02-02 LaTeX2e option processing using LaTeX3 keys
)
(c:/Users/mkapur/AppData/Roaming/TinyTeX/texmf-dist/tex/latex/fontspec/fontspec
.sty
Package: fontspec 2020/02/21 v2.7i Font selection for XeLaTeX and LuaLaTeX
Lua module: fontspec 2020/02/21 2.7i Font selection for XeLaTeX and LuaLaTeX
(c:/Users/mkapur/AppData/Roaming/TinyTeX/texmf-dist/tex/latex/fontspec/fontspec
-luatex.sty
Package: fontspec-luatex 2020/02/21 v2.7i Font selection for XeLaTeX and LuaLaTe
X
\l__fontspec_script_int=\count362
\l__fontspec_language_int=\count363
\l__fontspec_strnum_int=\count364
\l__fontspec_tmp_int=\count365
\l__fontspec_tmpa_int=\count366
\l__fontspec_tmpb_int=\count367
\l__fontspec_tmpc_int=\count368
\l__fontspec_em_int=\count369
\l__fontspec_emdef_int=\count370
\l__fontspec_strong_int=\count371
\l__fontspec_strongdef_int=\count372
\l__fontspec_tmpa_dim=\dimen296
\l__fontspec_tmpb_dim=\dimen297
\l__fontspec_tmpc_dim=\dimen298
(c:/Users/mkapur/AppData/Roaming/TinyTeX/texmf-dist/tex/latex/base/fontenc.sty
Package: fontenc 2020/08/10 v2.0s Standard LaTeX package
)
(c:/Users/mkapur/AppData/Roaming/TinyTeX/texmf-dist/tex/latex/fontspec/fontspec
.cfg)
LaTeX Info: Redefining \strong on input line 3946.
)) (c:/Users/mkapur/AppData/Roaming/TinyTeX/texmf-dist/tex/latex/base/fix-cm.st
y
Package: fix-cm 2015/01/14 v1.1t fixes to LaTeX
(c:/Users/mkapur/AppData/Roaming/TinyTeX/texmf-dist/tex/latex/base/ts1enc.def
File: ts1enc.def 2001/06/05 v3.0e (jk/car/fm) Standard LaTeX file
LaTeX Font Info:    Redeclaring font encoding TS1 on input line 47.
))
(c:/Users/mkapur/AppData/Roaming/TinyTeX/texmf-dist/tex/lualatex/lualatex-math/
lualatex-math.sty
Package: lualatex-math 2020/09/25 v1.9 Patches for mathematics typesetting with 
LuaLaTeX
Lua module: lualatex-math 2013/08/03 1.3 Patches for mathematics typesetting wit
h LuaLaTeX)
\g__um_fam_int=\count373
\g__um_fonts_used_int=\count374
\l__um_primecount_int=\count375
\g__um_primekern_muskip=\muskip18

(c:/Users/mkapur/AppData/Roaming/TinyTeX/texmf-dist/tex/latex/unicode-math/unic
ode-math-table.tex)))
(c:/Users/mkapur/AppData/Roaming/TinyTeX/texmf-dist/tex/latex/mdwtools/footnote
.sty
Package: footnote 1997/01/28 1.13 Save footnotes around boxes
\fn@notes=\box76
\fn@width=\dimen299
)
(c:/Users/mkapur/AppData/Roaming/TinyTeX/texmf-dist/tex/generic/babel/babel.sty
Package: babel 2021/03/03 3.55 The Babel package

(c:/Users/mkapur/AppData/Roaming/TinyTeX/texmf-dist/tex/generic/babel/babel.def
File: babel.def 2021/03/03 3.55 Babel common definitions

(c:/Users/mkapur/AppData/Roaming/TinyTeX/texmf-dist/tex/generic/babel/luababel.
def
\bbl@readstream=\read6
\l@dumylang=\language2
Package babel Info: Non-standard hyphenation setup on input line 117.
\l@nohyphenation=\language3
\babelcatcodetablenum=\catcodetable12
\bbl@pattcodes=\catcodetable13
)
\babel@savecnt=\count376
\U@D=\dimen300
\l@babelnohyphens=\language4

(c:/Users/mkapur/AppData/Roaming/TinyTeX/texmf-dist/tex/generic/babel/luababel.
def
\bbl@attr@locale=\attribute8
))
(c:/Users/mkapur/AppData/Roaming/TinyTeX/texmf-dist/tex/generic/babel-english/e
nglish.ldf
Language: english 2017/06/06 v3.3r English support from the babel system
Package babel Info: \l@british = using hyphenrules for english
(babel)             (\language0) on input line 82.
Package babel Info: \l@UKenglish = using hyphenrules for english
(babel)             (\language0) on input line 83.
Package babel Info: \l@canadian = using hyphenrules for english
(babel)             (\language0) on input line 102.
Package babel Info: \l@australian = using hyphenrules for english
(babel)             (\language0) on input line 105.
Package babel Info: \l@newzealand = using hyphenrules for english
(babel)             (\language0) on input line 108.
)
(c:/Users/mkapur/AppData/Roaming/TinyTeX/texmf-dist/tex/generic/babel-english/e
nglish.ldf
Language: english 2017/06/06 v3.3r English support from the babel system
))
(c:/Users/mkapur/AppData/Roaming/TinyTeX/texmf-dist/tex/latex/bookmark/bookmark
.sty
Package: bookmark 2020-11-06 v1.29 PDF bookmarks (HO)

(c:/Users/mkapur/AppData/Roaming/TinyTeX/texmf-dist/tex/latex/bookmark/bkm-pdft
ex.def
File: bkm-pdftex.def 2020-11-06 v1.29 bookmark driver for pdfTeX (HO)
\BKM@id=\count377
))
No file _main.aux.

\openout1 = _main.aux
LaTeX Font Info:    Checking defaults for OML/cmm/m/it on input line 101.
LaTeX Font Info:    ... okay on input line 101.
LaTeX Font Info:    Checking defaults for OMS/cmsy/m/n on input line 101.
LaTeX Font Info:    ... okay on input line 101.
LaTeX Font Info:    Checking defaults for OT1/cmr/m/n on input line 101.
LaTeX Font Info:    ... okay on input line 101.
LaTeX Font Info:    Checking defaults for T1/cmr/m/n on input line 101.
LaTeX Font Info:    ... okay on input line 101.
LaTeX Font Info:    Checking defaults for TS1/cmr/m/n on input line 101.
LaTeX Font Info:    ... okay on input line 101.
LaTeX Font Info:    Checking defaults for TU/lmr/m/n on input line 101.
LaTeX Font Info:    ... okay on input line 101.
LaTeX Font Info:    Checking defaults for OMX/cmex/m/n on input line 101.
LaTeX Font Info:    ... okay on input line 101.
LaTeX Font Info:    Checking defaults for U/cmr/m/n on input line 101.
LaTeX Font Info:    ... okay on input line 101.
LaTeX Font Info:    Checking defaults for PD1/pdf/m/n on input line 101.
LaTeX Font Info:    ... okay on input line 101.
LaTeX Font Info:    Checking defaults for PU/pdf/m/n on input line 101.
LaTeX Font Info:    ... okay on input line 101.

(c:/Users/mkapur/AppData/Roaming/TinyTeX/texmf-dist/tex/latex/epstopdf-pkg/epst
opdf-base.sty
Package: epstopdf-base 2020-01-24 v2.11 Base part for package epstopdf

(c:/Users/mkapur/AppData/Roaming/TinyTeX/texmf-dist/tex/latex/grfext/grfext.sty
Package: grfext 2019/12/03 v1.3 Manage graphics extensions (HO)
)
Package epstopdf-base Info: Redefining graphics rule for `.eps' on input line 48
5.
Package grfext Info: Graphics extension search list:
(grfext)             [.pdf,.png,.jpg,.mps,.jpeg,.jbig2,.jb2,.PDF,.PNG,.JPG,.JPEG
,.JBIG2,.JB2,.eps]
(grfext)             \AppendGraphicsExtensions on input line 504.

(c:/Users/mkapur/AppData/Roaming/TinyTeX/texmf-dist/tex/latex/latexconfig/epsto
pdf-sys.cfg
File: epstopdf-sys.cfg 2010/07/13 v1.3 Configuration of (r)epstopdf for TeX Live

))
*geometry* driver: auto-detecting
*geometry* detected driver: luatex
*geometry* verbose mode - [ preamble ] result:
* driver: luatex
* paper: a4paper
* layout: <same size as paper>
* layoutoffset:(h,v)=(0.0pt,0.0pt)
* hratio: 1:1
* vratio: 1:1
* modes: includehead includefoot 
* h-part:(L,W,R)=(99.58464pt, 398.33858pt, 99.58466pt)
* v-part:(T,H,B)=(72.2698pt, 700.50723pt, 72.2698pt)
* \paperwidth=597.50787pt
* \paperheight=845.04684pt
* \textwidth=398.33858pt
* \textheight=620.82811pt
* \oddsidemargin=27.31465pt
* \evensidemargin=27.31465pt
* \topmargin=-0.00018pt
* \headheight=14.0pt
* \headsep=25.0pt
* \topskip=11.0pt
* \footskip=42.67912pt
* \marginparwidth=50.0pt
* \marginparsep=10.0pt
* \columnsep=10.0pt
* \skip\footins=10.0pt plus 4.0pt minus 2.0pt
* \hoffset=0.0pt
* \voffset=0.0pt
* \mag=1000
* \@twocolumnfalse
* \@twosidefalse
* \@mparswitchfalse
* \@reversemarginfalse
* (1in=72.27pt=25.4mm, 1cm=28.453pt)

Package lastpage Info: Please have a look at the pageslts package at
(lastpage)             https://www.ctan.org/pkg/pageslts
(lastpage)             ! on input line 101.
Package hyperref Info: Link coloring OFF on input line 101.

(c:/Users/mkapur/AppData/Roaming/TinyTeX/texmf-dist/tex/latex/hyperref/nameref.
sty
Package: nameref 2021-04-02 v2.47 Cross-referencing by name of section

(c:/Users/mkapur/AppData/Roaming/TinyTeX/texmf-dist/tex/generic/gettitlestring/
gettitlestring.sty
Package: gettitlestring 2019/12/15 v1.6 Cleanup title references (HO)
)
\c@section@level=\count378
)
LaTeX Info: Redefining \ref on input line 101.
LaTeX Info: Redefining \pageref on input line 101.
LaTeX Info: Redefining \nameref on input line 101.
Package backref Info: ** backref set up for natbib ** on input line 101.
Package caption Info: Begin \AtBeginDocument code.
Package caption Info: longtable package is loaded.

(c:/Users/mkapur/AppData/Roaming/TinyTeX/texmf-dist/tex/latex/caption/ltcaption
.sty
Package: ltcaption 2020/05/30 v1.4b longtable captions (AR)
)
Package caption Info: End \AtBeginDocument code.
Package soulpos Info: Loading soulutf8 on input line 101.

(c:/Users/mkapur/AppData/Roaming/TinyTeX/texmf-dist/tex/generic/soulutf8/soulut
f8.sty
Package: soulutf8 2019/12/15 v1.2 Permit use of UTF-8 characters in soul (HO)
(c:/Users/mkapur/AppData/Roaming/TinyTeX/texmf-dist/tex/generic/soul/soul.sty
Package: soul 2003/11/17 v2.4 letterspacing/underlining (mf)
\SOUL@word=\toks53
\SOUL@lasttoken=\toks54
\SOUL@cmds=\toks55
\SOUL@buffer=\toks56
\SOUL@token=\toks57
\SOUL@spaceskip=\skip97
\SOUL@ttwidth=\dimen301
\SOUL@uldp=\dimen302
\SOUL@ulht=\dimen303
))
LaTeX Font Info:    Overwriting math alphabet `\mathrm' in version `normal'
(Font)                  OT1/lmr/m/n --> TU/lmr/m/n on input line 101.
LaTeX Font Info:    Overwriting math alphabet `\mathit' in version `normal'
(Font)                  OT1/lmr/m/it --> TU/lmr/m/it on input line 101.
LaTeX Font Info:    Overwriting math alphabet `\mathbf' in version `normal'
(Font)                  OT1/lmr/bx/n --> TU/lmr/bx/n on input line 101.
LaTeX Font Info:    Overwriting math alphabet `\mathsf' in version `normal'
(Font)                  OT1/lmss/m/n --> TU/lmss/m/n on input line 101.
LaTeX Font Info:    Overwriting math alphabet `\mathsf' in version `bold'
(Font)                  OT1/lmss/bx/n --> TU/lmss/bx/n on input line 101.
LaTeX Font Info:    Overwriting math alphabet `\mathtt' in version `normal'
(Font)                  OT1/lmtt/m/n --> TU/lmtt/m/n on input line 101.
LaTeX Font Info:    Overwriting math alphabet `\mathtt' in version `bold'
(Font)                  OT1/lmtt/m/n --> TU/lmtt/bx/n on input line 101.

Package fontspec Info: latinmodern-math scale = 0.9999967668407183.


Package fontspec Info: latinmodern-math scale = 0.9999967668407183.


Package fontspec Info: latinmodern-math scale = 0.9999967668407183.


Package fontspec Info: Font family 'latinmodern-math.otf(0)' created for font
(fontspec)             'latinmodern-math.otf' with options
(fontspec)             [Scale=MatchLowercase,Renderer=Basic,BoldItalicFont={},It
alicFont={},SmallCapsFont={},Script=Math,FontAdjustment={\__um_luatex_copy_fontd
imens:
(fontspec)             },BoldFont={latinmodern-math.otf}].
(fontspec)              
(fontspec)              This font family consists of the following NFSS
(fontspec)             series/shapes:
(fontspec)              
(fontspec)             - 'normal' (m/n) with NFSS spec.:
(fontspec)             <->s*[0.9999967668407183]"[latinmodern-math.otf]:mode=bas
e;script=math;language=dflt;"
(fontspec)             - 'small caps'  (m/sc) with NFSS spec.: 
(fontspec)             and font adjustment code:
(fontspec)             \__um_luatex_copy_fontdimens: 
(fontspec)             - 'bold' (b/n) with NFSS spec.:
(fontspec)             <->s*[0.9999967668407183]"[latinmodern-math.otf]:mode=bas
e;script=math;language=dflt;"
(fontspec)             - 'bold small caps'  (b/sc) with NFSS spec.: 
(fontspec)             and font adjustment code:
(fontspec)             \__um_luatex_copy_fontdimens: 

LaTeX Font Info:    Font shape `TU/latinmodern-math.otf(0)/m/n' will be
(Font)              scaled to size 10.95pt on input line 101.

Package fontspec Info: latinmodern-math scale = 0.9999967668407183.


Package fontspec Info: latinmodern-math scale = 0.9999967668407183.


Package fontspec Info: latinmodern-math scale = 0.9999967668407183.


Package fontspec Info: latinmodern-math scale = 0.9999967668407183.


Package fontspec Info: latinmodern-math scale = 0.9999967668407183.


Package fontspec Info: Font family 'latinmodern-math.otf(1)' created for font
(fontspec)             'latinmodern-math.otf' with options
(fontspec)             [Scale=MatchLowercase,Renderer=Basic,BoldItalicFont={},It
alicFont={},SmallCapsFont={},Script=Math,SizeFeatures={{Size=9.3075-},{Size=6.57
-9.3075,Font=latinmodern-math.otf,Style=MathScript},{Size=-6.57,Font=latinmodern
-math.otf,Style=MathScriptScript}},FontAdjustment={\__um_luatex_copy_fontdimens:

(fontspec)             },BoldFont={latinmodern-math.otf}].
(fontspec)              
(fontspec)              This font family consists of the following NFSS
(fontspec)             series/shapes:
(fontspec)              
(fontspec)             - 'normal' (m/n) with NFSS spec.:
(fontspec)             <9.3075->s*[0.9999967668407183]"[latinmodern-math.otf]:mo
de=base;script=math;language=dflt;"<6.57-9.3075>s*[0.9999967668407183]"[latinmod
ern-math.otf]:mode=base;script=math;language=dflt;+ssty=0;"<-6.57>s*[0.999996766
8407183]"[latinmodern-math.otf]:mode=base;script=math;language=dflt;+ssty=1;"
(fontspec)             - 'small caps'  (m/sc) with NFSS spec.: 
(fontspec)             and font adjustment code:
(fontspec)             \__um_luatex_copy_fontdimens: 
(fontspec)             - 'bold' (b/n) with NFSS spec.:
(fontspec)             <->s*[0.9999967668407183]"[latinmodern-math.otf]:mode=bas
e;script=math;language=dflt;"
(fontspec)             - 'bold small caps'  (b/sc) with NFSS spec.: 
(fontspec)             and font adjustment code:
(fontspec)             \__um_luatex_copy_fontdimens: 

LaTeX Font Info:    Font shape `TU/latinmodern-math.otf(1)/m/n' will be
(Font)              scaled to size 10.95pt on input line 101.
LaTeX Font Info:    Encoding `OT1' has changed to `TU' for symbol font
(Font)              `operators' in the math version `normal' on input line 101.
LaTeX Font Info:    Overwriting symbol font `operators' in version `normal'
(Font)                  OT1/lmr/m/n --> TU/latinmodern-math.otf(1)/m/n on input 
line 101.
LaTeX Font Info:    Encoding `OT1' has changed to `TU' for symbol font
(Font)              `operators' in the math version `bold' on input line 101.
LaTeX Font Info:    Overwriting symbol font `operators' in version `bold'
(Font)                  OT1/lmr/bx/n --> TU/latinmodern-math.otf(1)/b/n on input
 line 101.

Package fontspec Info: latinmodern-math scale = 0.9999967668407183.


Package fontspec Info: latinmodern-math scale = 1.000096766517402.


Package fontspec Info: latinmodern-math scale = 0.9999967668407183.


Package fontspec Info: latinmodern-math scale = 1.000096766517402.


Package fontspec Info: latinmodern-math scale = 0.9999967668407183.


Package fontspec Info: latinmodern-math scale = 1.000096766517402.


Package fontspec Info: latinmodern-math scale = 0.9999967668407183.


Package fontspec Info: latinmodern-math scale = 1.000096766517402.


Package fontspec Info: latinmodern-math scale = 0.9999967668407183.


Package fontspec Info: latinmodern-math scale = 1.000096766517402.


Package fontspec Info: Font family 'latinmodern-math.otf(2)' created for font
(fontspec)             'latinmodern-math.otf' with options
(fontspec)             [Scale=MatchLowercase,Renderer=Basic,BoldItalicFont={},It
alicFont={},SmallCapsFont={},Script=Math,SizeFeatures={{Size=9.3075-},{Size=6.57
-9.3075,Font=latinmodern-math.otf,Style=MathScript},{Size=-6.57,Font=latinmodern
-math.otf,Style=MathScriptScript}},FontAdjustment={\__um_luatex_copy_fontdimens:

(fontspec)             },BoldFont={latinmodern-math.otf},ScaleAgain=1.0001,FontA
djustment={\fontdimen
(fontspec)             8\font =7.41315pt\relax \fontdimen 9\font
(fontspec)             =4.31429pt\relax \fontdimen 10\font =4.86179pt\relax
(fontspec)             \fontdimen 11\font =7.51169pt\relax \fontdimen 12\font
(fontspec)             =3.77774pt\relax \fontdimen 13\font =3.97484pt\relax
(fontspec)             \fontdimen 14\font =3.97484pt\relax \fontdimen 15\font
(fontspec)             =3.16454pt\relax \fontdimen 16\font =2.70464pt\relax
(fontspec)             \fontdimen 17\font =2.70464pt\relax \fontdimen 18\font
(fontspec)             =2.73749pt\relax \fontdimen 19\font =2.18999pt\relax
(fontspec)             \fontdimen 22\font =2.73749pt\relax \fontdimen 20\font
(fontspec)             =0pt\relax \fontdimen 21\font =0pt\relax }].
(fontspec)              
(fontspec)              This font family consists of the following NFSS
(fontspec)             series/shapes:
(fontspec)              
(fontspec)             - 'normal' (m/n) with NFSS spec.:
(fontspec)             <9.3075->s*[1.000096766517402]"[latinmodern-math.otf]:mod
e=base;script=math;language=dflt;"<6.57-9.3075>s*[1.000096766517402]"[latinmoder
n-math.otf]:mode=base;script=math;language=dflt;+ssty=0;"<-6.57>s*[1.00009676651
7402]"[latinmodern-math.otf]:mode=base;script=math;language=dflt;+ssty=1;"
(fontspec)             - 'small caps'  (m/sc) with NFSS spec.: 
(fontspec)             and font adjustment code:
(fontspec)             \__um_luatex_copy_fontdimens: \fontdimen 8\font
(fontspec)             =7.41315pt\relax \fontdimen 9\font =4.31429pt\relax
(fontspec)             \fontdimen 10\font =4.86179pt\relax \fontdimen 11\font
(fontspec)             =7.51169pt\relax \fontdimen 12\font =3.77774pt\relax
(fontspec)             \fontdimen 13\font =3.97484pt\relax \fontdimen 14\font
(fontspec)             =3.97484pt\relax \fontdimen 15\font =3.16454pt\relax
(fontspec)             \fontdimen 16\font =2.70464pt\relax \fontdimen 17\font
(fontspec)             =2.70464pt\relax \fontdimen 18\font =2.73749pt\relax
(fontspec)             \fontdimen 19\font =2.18999pt\relax \fontdimen 22\font
(fontspec)             =2.73749pt\relax \fontdimen 20\font =0pt\relax
(fontspec)             \fontdimen 21\font =0pt\relax 
(fontspec)             - 'bold' (b/n) with NFSS spec.:
(fontspec)             <->s*[1.000096766517402]"[latinmodern-math.otf]:mode=base
;script=math;language=dflt;"
(fontspec)             - 'bold small caps'  (b/sc) with NFSS spec.: 
(fontspec)             and font adjustment code:
(fontspec)             \__um_luatex_copy_fontdimens: \fontdimen 8\font
(fontspec)             =7.41315pt\relax \fontdimen 9\font =4.31429pt\relax
(fontspec)             \fontdimen 10\font =4.86179pt\relax \fontdimen 11\font
(fontspec)             =7.51169pt\relax \fontdimen 12\font =3.77774pt\relax
(fontspec)             \fontdimen 13\font =3.97484pt\relax \fontdimen 14\font
(fontspec)             =3.97484pt\relax \fontdimen 15\font =3.16454pt\relax
(fontspec)             \fontdimen 16\font =2.70464pt\relax \fontdimen 17\font
(fontspec)             =2.70464pt\relax \fontdimen 18\font =2.73749pt\relax
(fontspec)             \fontdimen 19\font =2.18999pt\relax \fontdimen 22\font
(fontspec)             =2.73749pt\relax \fontdimen 20\font =0pt\relax
(fontspec)             \fontdimen 21\font =0pt\relax 

LaTeX Font Info:    Encoding `OMS' has changed to `TU' for symbol font
(Font)              `symbols' in the math version `normal' on input line 101.
LaTeX Font Info:    Overwriting symbol font `symbols' in version `normal'
(Font)                  OMS/lmsy/m/n --> TU/latinmodern-math.otf(2)/m/n on input
 line 101.
LaTeX Font Info:    Encoding `OMS' has changed to `TU' for symbol font
(Font)              `symbols' in the math version `bold' on input line 101.
LaTeX Font Info:    Overwriting symbol font `symbols' in version `bold'
(Font)                  OMS/lmsy/b/n --> TU/latinmodern-math.otf(2)/b/n on input
 line 101.

Package fontspec Info: latinmodern-math scale = 0.9999967668407183.


Package fontspec Info: latinmodern-math scale = 0.9998967671640342.


Package fontspec Info: latinmodern-math scale = 0.9999967668407183.


Package fontspec Info: latinmodern-math scale = 0.9998967671640342.


Package fontspec Info: latinmodern-math scale = 0.9999967668407183.


Package fontspec Info: latinmodern-math scale = 0.9998967671640342.


Package fontspec Info: latinmodern-math scale = 0.9999967668407183.


Package fontspec Info: latinmodern-math scale = 0.9998967671640342.


Package fontspec Info: latinmodern-math scale = 0.9999967668407183.


Package fontspec Info: latinmodern-math scale = 0.9998967671640342.


Package fontspec Info: Font family 'latinmodern-math.otf(3)' created for font
(fontspec)             'latinmodern-math.otf' with options
(fontspec)             [Scale=MatchLowercase,Renderer=Basic,BoldItalicFont={},It
alicFont={},Small